<?xml version="1.0" encoding="UTF-8"?>
<coverage generated="1639449352912" clover="3.2.0">
  <project timestamp="1639449352912" name="All files">
    <metrics statements="115" coveredstatements="98" conditionals="60" coveredconditionals="41" methods="26" coveredmethods="22" elements="201" coveredelements="161" complexity="0" loc="115" ncloc="115" packages="1" files="4" classes="4"/>
    <file name="model.ts" path="/Users/cmseguin/dev/git/nagare/src/model.ts">
      <metrics statements="0" coveredstatements="0" conditionals="0" coveredconditionals="0" methods="0" coveredmethods="0"/>
    </file>
    <file name="query-client.ts" path="/Users/cmseguin/dev/git/nagare/src/query-client.ts">
      <metrics statements="18" coveredstatements="18" conditionals="16" coveredconditionals="15" methods="4" coveredmethods="4"/>
      <line num="11" count="1" type="stmt"/>
      <line num="26" count="9" type="cond" truecount="3" falsecount="1"/>
      <line num="27" count="9" type="cond" truecount="2" falsecount="0"/>
      <line num="28" count="9" type="cond" truecount="2" falsecount="0"/>
      <line num="31" count="9" type="cond" truecount="2" falsecount="0"/>
      <line num="32" count="1" type="stmt"/>
      <line num="36" count="8" type="cond" truecount="2" falsecount="0"/>
      <line num="37" count="1" type="stmt"/>
      <line num="40" count="7" type="stmt"/>
      <line num="41" count="6" type="cond" truecount="2" falsecount="0"/>
      <line num="42" count="1" type="stmt"/>
      <line num="45" count="6" type="stmt"/>
      <line num="47" count="6" type="stmt"/>
      <line num="49" count="6" type="stmt"/>
      <line num="50" count="6" type="cond" truecount="2" falsecount="0"/>
      <line num="51" count="4" type="stmt"/>
      <line num="53" count="6" type="stmt"/>
      <line num="54" count="6" type="stmt"/>
    </file>
    <file name="query.ts" path="/Users/cmseguin/dev/git/nagare/src/query.ts">
      <metrics statements="94" coveredstatements="77" conditionals="44" coveredconditionals="26" methods="22" coveredmethods="18"/>
      <line num="9" count="6" type="stmt"/>
      <line num="10" count="6" type="stmt"/>
      <line num="11" count="6" type="stmt"/>
      <line num="12" count="6" type="stmt"/>
      <line num="13" count="6" type="stmt"/>
      <line num="14" count="6" type="stmt"/>
      <line num="15" count="6" type="stmt"/>
      <line num="16" count="6" type="stmt"/>
      <line num="17" count="6" type="stmt"/>
      <line num="18" count="6" type="stmt"/>
      <line num="19" count="6" type="stmt"/>
      <line num="20" count="6" type="stmt"/>
      <line num="21" count="6" type="stmt"/>
      <line num="22" count="6" type="stmt"/>
      <line num="35" count="6" type="stmt"/>
      <line num="36" count="6" type="cond" truecount="1" falsecount="1"/>
      <line num="37" count="0" type="stmt"/>
      <line num="39" count="6" type="stmt"/>
      <line num="41" count="6" type="cond" truecount="1" falsecount="1"/>
      <line num="42" count="0" type="stmt"/>
      <line num="44" count="6" type="stmt"/>
      <line num="45" count="6" type="stmt"/>
      <line num="47" count="6" type="stmt"/>
      <line num="48" count="0" type="stmt"/>
      <line num="51" count="6" type="stmt"/>
      <line num="57" count="34" type="cond" truecount="4" falsecount="0"/>
      <line num="58" count="34" type="stmt"/>
      <line num="61" count="6" type="stmt"/>
      <line num="69" count="127" type="stmt"/>
      <line num="70" count="44" type="stmt"/>
      <line num="74" count="6" type="stmt"/>
      <line num="75" count="6" type="stmt"/>
      <line num="76" count="6" type="stmt"/>
      <line num="77" count="6" type="stmt"/>
      <line num="82" count="6" type="stmt"/>
      <line num="86" count="1" type="stmt"/>
      <line num="90" count="6" type="cond" truecount="1" falsecount="1"/>
      <line num="91" count="0" type="stmt"/>
      <line num="96" count="0" type="cond" truecount="0" falsecount="2"/>
      <line num="97" count="0" type="stmt"/>
      <line num="100" count="0" type="cond" truecount="0" falsecount="2"/>
      <line num="101" count="0" type="stmt"/>
      <line num="104" count="0" type="stmt"/>
      <line num="108" count="0" type="stmt"/>
      <line num="109" count="0" type="cond" truecount="0" falsecount="2"/>
      <line num="110" count="0" type="stmt"/>
      <line num="111" count="0" type="stmt"/>
      <line num="117" count="7" type="stmt"/>
      <line num="119" count="7" type="stmt"/>
      <line num="122" count="7" type="stmt"/>
      <line num="124" count="7" type="cond" truecount="4" falsecount="0"/>
      <line num="125" count="1" type="stmt"/>
      <line num="126" count="1" type="cond" truecount="1" falsecount="1"/>
      <line num="127" count="1" type="cond" truecount="1" falsecount="1"/>
      <line num="128" count="0" type="stmt"/>
      <line num="130" count="1" type="stmt"/>
      <line num="131" count="1" type="stmt"/>
      <line num="132" count="1" type="stmt"/>
      <line num="133" count="1" type="stmt"/>
      <line num="134" count="1" type="stmt"/>
      <line num="137" count="1" type="stmt"/>
      <line num="141" count="7" type="cond" truecount="2" falsecount="3"/>
      <line num="142" count="7" type="stmt"/>
      <line num="143" count="7" type="stmt"/>
      <line num="144" count="7" type="stmt"/>
      <line num="145" count="7" type="stmt"/>
      <line num="146" count="7" type="stmt"/>
      <line num="147" count="7" type="stmt"/>
      <line num="148" count="7" type="cond" truecount="1" falsecount="1"/>
      <line num="149" count="7" type="cond" truecount="1" falsecount="1"/>
      <line num="150" count="7" type="stmt"/>
      <line num="151" count="7" type="stmt"/>
      <line num="152" count="7" type="stmt"/>
      <line num="153" count="7" type="stmt"/>
      <line num="155" count="7" type="stmt"/>
      <line num="163" count="0" type="stmt"/>
      <line num="164" count="0" type="stmt"/>
      <line num="166" count="7" type="stmt"/>
      <line num="167" count="7" type="stmt"/>
      <line num="173" count="22" type="stmt"/>
      <line num="175" count="22" type="cond" truecount="4" falsecount="0"/>
      <line num="176" count="6" type="stmt"/>
      <line num="179" count="22" type="cond" truecount="4" falsecount="0"/>
      <line num="180" count="16" type="stmt"/>
      <line num="181" count="240" type="stmt"/>
      <line num="182" count="50" type="stmt"/>
      <line num="184" count="16" type="cond" truecount="1" falsecount="1"/>
      <line num="185" count="16" type="stmt"/>
      <line num="189" count="22" type="stmt"/>
      <line num="193" count="22" type="stmt"/>
      <line num="207" count="1" type="stmt"/>
      <line num="208" count="0" type="stmt"/>
      <line num="213" count="6" type="stmt"/>
      <line num="234" count="6" type="stmt"/>
    </file>
    <file name="storage.ts" path="/Users/cmseguin/dev/git/nagare/src/storage.ts">
      <metrics statements="3" coveredstatements="3" conditionals="0" coveredconditionals="0" methods="0" coveredmethods="0"/>
      <line num="6" count="1" type="stmt"/>
      <line num="7" count="1" type="stmt"/>
      <line num="10" count="1" type="stmt"/>
    </file>
  </project>
</coverage>
