{"/Users/cmseguin/dev/git/nagare/src/model.ts": {"path":"/Users/cmseguin/dev/git/nagare/src/model.ts","statementMap":{},"fnMap":{},"branchMap":{},"s":{},"f":{},"b":{},"_coverageSchema":"1a1c01bbd47fc00a2c39e90264f33305004495a9","hash":"8db8999fa4e16832c1e50261996e4abe6e5d2cb4"}
,"/Users/cmseguin/dev/git/nagare/src/query-client.ts": {"path":"/Users/cmseguin/dev/git/nagare/src/query-client.ts","statementMap":{"0":{"start":{"line":11,"column":4},"end":{"line":14,"column":7}},"1":{"start":{"line":26,"column":20},"end":{"line":26,"column":93}},"2":{"start":{"line":27,"column":20},"end":{"line":27,"column":72}},"3":{"start":{"line":28,"column":16},"end":{"line":28,"column":62}},"4":{"start":{"line":31,"column":4},"end":{"line":33,"column":5}},"5":{"start":{"line":32,"column":6},"end":{"line":32,"column":53}},"6":{"start":{"line":36,"column":4},"end":{"line":38,"column":5}},"7":{"start":{"line":37,"column":6},"end":{"line":37,"column":42}},"8":{"start":{"line":40,"column":4},"end":{"line":56,"column":6}},"9":{"start":{"line":41,"column":6},"end":{"line":43,"column":7}},"10":{"start":{"line":42,"column":8},"end":{"line":42,"column":33}},"11":{"start":{"line":45,"column":20},"end":{"line":45,"column":83}},"12":{"start":{"line":47,"column":6},"end":{"line":47,"column":17}},"13":{"start":{"line":49,"column":6},"end":{"line":55,"column":7}},"14":{"start":{"line":50,"column":8},"end":{"line":52,"column":9}},"15":{"start":{"line":51,"column":10},"end":{"line":51,"column":37}},"16":{"start":{"line":53,"column":8},"end":{"line":53,"column":23}},"17":{"start":{"line":54,"column":8},"end":{"line":54,"column":28}}},"fnMap":{"0":{"name":"(anonymous_0)","decl":{"start":{"line":10,"column":2},"end":{"line":10,"column":3}},"loc":{"start":{"line":10,"column":16},"end":{"line":15,"column":3}},"line":10},"1":{"name":"(anonymous_1)","decl":{"start":{"line":20,"column":2},"end":{"line":20,"column":3}},"loc":{"start":{"line":24,"column":34},"end":{"line":57,"column":3}},"line":24},"2":{"name":"(anonymous_2)","decl":{"start":{"line":40,"column":44},"end":{"line":40,"column":45}},"loc":{"start":{"line":40,"column":56},"end":{"line":56,"column":5}},"line":40},"3":{"name":"(anonymous_3)","decl":{"start":{"line":49,"column":13},"end":{"line":49,"column":14}},"loc":{"start":{"line":49,"column":19},"end":{"line":55,"column":7}},"line":49}},"branchMap":{"0":{"loc":{"start":{"line":26,"column":21},"end":{"line":26,"column":73}},"type":"cond-expr","locations":[{"start":{"line":26,"column":28},"end":{"line":26,"column":32}},{"start":{"line":26,"column":35},"end":{"line":26,"column":73}}],"line":26},"1":{"loc":{"start":{"line":26,"column":35},"end":{"line":26,"column":73}},"type":"cond-expr","locations":[{"start":{"line":26,"column":62},"end":{"line":26,"column":66}},{"start":{"line":26,"column":69},"end":{"line":26,"column":73}}],"line":26},"2":{"loc":{"start":{"line":27,"column":20},"end":{"line":27,"column":72}},"type":"cond-expr","locations":[{"start":{"line":27,"column":49},"end":{"line":27,"column":53}},{"start":{"line":27,"column":56},"end":{"line":27,"column":72}}],"line":27},"3":{"loc":{"start":{"line":28,"column":16},"end":{"line":28,"column":62}},"type":"cond-expr","locations":[{"start":{"line":28,"column":43},"end":{"line":28,"column":47}},{"start":{"line":28,"column":50},"end":{"line":28,"column":62}}],"line":28},"4":{"loc":{"start":{"line":31,"column":4},"end":{"line":33,"column":5}},"type":"if","locations":[{"start":{"line":31,"column":4},"end":{"line":33,"column":5}},{"start":{},"end":{}}],"line":31},"5":{"loc":{"start":{"line":36,"column":4},"end":{"line":38,"column":5}},"type":"if","locations":[{"start":{"line":36,"column":4},"end":{"line":38,"column":5}},{"start":{},"end":{}}],"line":36},"6":{"loc":{"start":{"line":41,"column":6},"end":{"line":43,"column":7}},"type":"if","locations":[{"start":{"line":41,"column":6},"end":{"line":43,"column":7}},{"start":{},"end":{}}],"line":41},"7":{"loc":{"start":{"line":50,"column":8},"end":{"line":52,"column":9}},"type":"if","locations":[{"start":{"line":50,"column":8},"end":{"line":52,"column":9}},{"start":{},"end":{}}],"line":50}},"s":{"0":1,"1":9,"2":9,"3":9,"4":9,"5":1,"6":8,"7":1,"8":7,"9":6,"10":1,"11":6,"12":6,"13":6,"14":6,"15":4,"16":6,"17":6},"f":{"0":1,"1":9,"2":6,"3":6},"b":{"0":[5,4],"1":[0,4],"2":[7,2],"3":[8,1],"4":[1,8],"5":[1,7],"6":[1,5],"7":[4,2]},"_coverageSchema":"1a1c01bbd47fc00a2c39e90264f33305004495a9","hash":"5d4a3e812ecac39fc09cb60b0ffb3895c8e2047c"}
,"/Users/cmseguin/dev/git/nagare/src/query.ts": {"path":"/Users/cmseguin/dev/git/nagare/src/query.ts","statementMap":{"0":{"start":{"line":9,"column":50},"end":{"line":9,"column":95}},"1":{"start":{"line":10,"column":57},"end":{"line":10,"column":108}},"2":{"start":{"line":11,"column":50},"end":{"line":11,"column":85}},"3":{"start":{"line":12,"column":49},"end":{"line":12,"column":84}},"4":{"start":{"line":13,"column":46},"end":{"line":13,"column":81}},"5":{"start":{"line":14,"column":47},"end":{"line":14,"column":82}},"6":{"start":{"line":15,"column":49},"end":{"line":15,"column":84}},"7":{"start":{"line":16,"column":49},"end":{"line":16,"column":84}},"8":{"start":{"line":17,"column":49},"end":{"line":17,"column":84}},"9":{"start":{"line":18,"column":47},"end":{"line":18,"column":81}},"10":{"start":{"line":19,"column":48},"end":{"line":19,"column":87}},"11":{"start":{"line":20,"column":60},"end":{"line":20,"column":110}},"12":{"start":{"line":21,"column":59},"end":{"line":21,"column":109}},"13":{"start":{"line":22,"column":60},"end":{"line":22,"column":110}},"14":{"start":{"line":35,"column":4},"end":{"line":35,"column":47}},"15":{"start":{"line":36,"column":4},"end":{"line":38,"column":5}},"16":{"start":{"line":37,"column":6},"end":{"line":37,"column":44}},"17":{"start":{"line":39,"column":4},"end":{"line":39,"column":40}},"18":{"start":{"line":41,"column":4},"end":{"line":43,"column":5}},"19":{"start":{"line":42,"column":6},"end":{"line":42,"column":40}},"20":{"start":{"line":44,"column":4},"end":{"line":44,"column":31}},"21":{"start":{"line":45,"column":4},"end":{"line":45,"column":48}},"22":{"start":{"line":47,"column":29},"end":{"line":49,"column":17}},"23":{"start":{"line":48,"column":16},"end":{"line":48,"column":36}},"24":{"start":{"line":51,"column":25},"end":{"line":59,"column":17}},"25":{"start":{"line":57,"column":61},"end":{"line":57,"column":113}},"26":{"start":{"line":58,"column":23},"end":{"line":58,"column":54}},"27":{"start":{"line":61,"column":22},"end":{"line":71,"column":17}},"28":{"start":{"line":69,"column":23},"end":{"line":69,"column":55}},"29":{"start":{"line":69,"column":47},"end":{"line":69,"column":54}},"30":{"start":{"line":70,"column":20},"end":{"line":70,"column":45}},"31":{"start":{"line":74,"column":4},"end":{"line":78,"column":6}},"32":{"start":{"line":75,"column":6},"end":{"line":75,"column":36}},"33":{"start":{"line":76,"column":6},"end":{"line":76,"column":32}},"34":{"start":{"line":77,"column":6},"end":{"line":77,"column":29}},"35":{"start":{"line":82,"column":4},"end":{"line":82,"column":35}},"36":{"start":{"line":86,"column":4},"end":{"line":86,"column":34}},"37":{"start":{"line":90,"column":4},"end":{"line":92,"column":5}},"38":{"start":{"line":91,"column":6},"end":{"line":91,"column":33}},"39":{"start":{"line":96,"column":4},"end":{"line":98,"column":5}},"40":{"start":{"line":97,"column":6},"end":{"line":97,"column":17}},"41":{"start":{"line":100,"column":4},"end":{"line":102,"column":5}},"42":{"start":{"line":101,"column":6},"end":{"line":101,"column":17}},"43":{"start":{"line":104,"column":4},"end":{"line":104,"column":16}},"44":{"start":{"line":108,"column":20},"end":{"line":108,"column":35}},"45":{"start":{"line":109,"column":4},"end":{"line":112,"column":5}},"46":{"start":{"line":110,"column":6},"end":{"line":110,"column":33}},"47":{"start":{"line":111,"column":6},"end":{"line":111,"column":36}},"48":{"start":{"line":117,"column":22},"end":{"line":117,"column":67}},"49":{"start":{"line":119,"column":4},"end":{"line":119,"column":35}},"50":{"start":{"line":122,"column":4},"end":{"line":122,"column":31}},"51":{"start":{"line":124,"column":4},"end":{"line":139,"column":5}},"52":{"start":{"line":125,"column":6},"end":{"line":138,"column":16}},"53":{"start":{"line":126,"column":8},"end":{"line":126,"column":84}},"54":{"start":{"line":127,"column":8},"end":{"line":129,"column":9}},"55":{"start":{"line":128,"column":10},"end":{"line":128,"column":42}},"56":{"start":{"line":130,"column":8},"end":{"line":130,"column":47}},"57":{"start":{"line":131,"column":8},"end":{"line":131,"column":57}},"58":{"start":{"line":132,"column":8},"end":{"line":132,"column":55}},"59":{"start":{"line":133,"column":8},"end":{"line":133,"column":57}},"60":{"start":{"line":134,"column":8},"end":{"line":134,"column":34}},"61":{"start":{"line":137,"column":8},"end":{"line":137,"column":51}},"62":{"start":{"line":141,"column":4},"end":{"line":169,"column":5}},"63":{"start":{"line":142,"column":6},"end":{"line":142,"column":33}},"64":{"start":{"line":143,"column":6},"end":{"line":143,"column":37}},"65":{"start":{"line":144,"column":6},"end":{"line":168,"column":7}},"66":{"start":{"line":145,"column":21},"end":{"line":145,"column":45}},"67":{"start":{"line":146,"column":8},"end":{"line":146,"column":29}},"68":{"start":{"line":147,"column":8},"end":{"line":147,"column":40}},"69":{"start":{"line":148,"column":8},"end":{"line":148,"column":73}},"70":{"start":{"line":149,"column":8},"end":{"line":149,"column":74}},"71":{"start":{"line":150,"column":8},"end":{"line":150,"column":35}},"72":{"start":{"line":151,"column":8},"end":{"line":151,"column":34}},"73":{"start":{"line":152,"column":8},"end":{"line":152,"column":33}},"74":{"start":{"line":153,"column":8},"end":{"line":153,"column":35}},"75":{"start":{"line":155,"column":8},"end":{"line":160,"column":29}},"76":{"start":{"line":163,"column":8},"end":{"line":163,"column":31}},"77":{"start":{"line":164,"column":8},"end":{"line":164,"column":32}},"78":{"start":{"line":166,"column":8},"end":{"line":166,"column":36}},"79":{"start":{"line":167,"column":8},"end":{"line":167,"column":33}},"80":{"start":{"line":173,"column":21},"end":{"line":173,"column":51}},"81":{"start":{"line":175,"column":4},"end":{"line":177,"column":5}},"82":{"start":{"line":176,"column":6},"end":{"line":176,"column":34}},"83":{"start":{"line":179,"column":4},"end":{"line":187,"column":5}},"84":{"start":{"line":180,"column":21},"end":{"line":182,"column":94}},"85":{"start":{"line":181,"column":27},"end":{"line":181,"column":62}},"86":{"start":{"line":182,"column":32},"end":{"line":182,"column":93}},"87":{"start":{"line":184,"column":6},"end":{"line":186,"column":7}},"88":{"start":{"line":185,"column":8},"end":{"line":185,"column":36}},"89":{"start":{"line":189,"column":4},"end":{"line":189,"column":33}},"90":{"start":{"line":193,"column":4},"end":{"line":209,"column":5}},"91":{"start":{"line":207,"column":21},"end":{"line":207,"column":35}},"92":{"start":{"line":208,"column":20},"end":{"line":208,"column":33}},"93":{"start":{"line":213,"column":4},"end":{"line":230,"column":5}},"94":{"start":{"line":234,"column":4},"end":{"line":234,"column":53}}},"fnMap":{"0":{"name":"(anonymous_0)","decl":{"start":{"line":30,"column":2},"end":{"line":30,"column":3}},"loc":{"start":{"line":34,"column":4},"end":{"line":79,"column":3}},"line":34},"1":{"name":"(anonymous_1)","decl":{"start":{"line":48,"column":10},"end":{"line":48,"column":11}},"loc":{"start":{"line":48,"column":16},"end":{"line":48,"column":36}},"line":48},"2":{"name":"(anonymous_2)","decl":{"start":{"line":57,"column":10},"end":{"line":57,"column":11}},"loc":{"start":{"line":57,"column":61},"end":{"line":57,"column":113}},"line":57},"3":{"name":"(anonymous_3)","decl":{"start":{"line":58,"column":10},"end":{"line":58,"column":11}},"loc":{"start":{"line":58,"column":23},"end":{"line":58,"column":54}},"line":58},"4":{"name":"(anonymous_4)","decl":{"start":{"line":69,"column":10},"end":{"line":69,"column":11}},"loc":{"start":{"line":69,"column":23},"end":{"line":69,"column":55}},"line":69},"5":{"name":"(anonymous_5)","decl":{"start":{"line":69,"column":37},"end":{"line":69,"column":38}},"loc":{"start":{"line":69,"column":47},"end":{"line":69,"column":54}},"line":69},"6":{"name":"(anonymous_6)","decl":{"start":{"line":70,"column":10},"end":{"line":70,"column":11}},"loc":{"start":{"line":70,"column":20},"end":{"line":70,"column":45}},"line":70},"7":{"name":"(anonymous_7)","decl":{"start":{"line":74,"column":22},"end":{"line":74,"column":23}},"loc":{"start":{"line":74,"column":28},"end":{"line":78,"column":5}},"line":74},"8":{"name":"(anonymous_8)","decl":{"start":{"line":81,"column":2},"end":{"line":81,"column":3}},"loc":{"start":{"line":81,"column":21},"end":{"line":83,"column":3}},"line":81},"9":{"name":"(anonymous_9)","decl":{"start":{"line":85,"column":2},"end":{"line":85,"column":3}},"loc":{"start":{"line":85,"column":25},"end":{"line":87,"column":3}},"line":85},"10":{"name":"(anonymous_10)","decl":{"start":{"line":89,"column":2},"end":{"line":89,"column":3}},"loc":{"start":{"line":89,"column":18},"end":{"line":93,"column":3}},"line":89},"11":{"name":"(anonymous_11)","decl":{"start":{"line":95,"column":2},"end":{"line":95,"column":3}},"loc":{"start":{"line":95,"column":21},"end":{"line":105,"column":3}},"line":95},"12":{"name":"(anonymous_12)","decl":{"start":{"line":107,"column":2},"end":{"line":107,"column":3}},"loc":{"start":{"line":107,"column":26},"end":{"line":113,"column":3}},"line":107},"13":{"name":"(anonymous_13)","decl":{"start":{"line":115,"column":2},"end":{"line":115,"column":3}},"loc":{"start":{"line":115,"column":48},"end":{"line":170,"column":3}},"line":115},"14":{"name":"(anonymous_14)","decl":{"start":{"line":172,"column":2},"end":{"line":172,"column":3}},"loc":{"start":{"line":172,"column":34},"end":{"line":190,"column":3}},"line":172},"15":{"name":"(anonymous_15)","decl":{"start":{"line":181,"column":16},"end":{"line":181,"column":17}},"loc":{"start":{"line":181,"column":27},"end":{"line":181,"column":62}},"line":181},"16":{"name":"(anonymous_16)","decl":{"start":{"line":182,"column":14},"end":{"line":182,"column":15}},"loc":{"start":{"line":182,"column":32},"end":{"line":182,"column":93}},"line":182},"17":{"name":"(anonymous_17)","decl":{"start":{"line":192,"column":2},"end":{"line":192,"column":3}},"loc":{"start":{"line":192,"column":66},"end":{"line":210,"column":3}},"line":192},"18":{"name":"(anonymous_18)","decl":{"start":{"line":207,"column":15},"end":{"line":207,"column":16}},"loc":{"start":{"line":207,"column":21},"end":{"line":207,"column":35}},"line":207},"19":{"name":"(anonymous_19)","decl":{"start":{"line":208,"column":14},"end":{"line":208,"column":15}},"loc":{"start":{"line":208,"column":20},"end":{"line":208,"column":33}},"line":208},"20":{"name":"(anonymous_20)","decl":{"start":{"line":212,"column":2},"end":{"line":212,"column":3}},"loc":{"start":{"line":212,"column":77},"end":{"line":231,"column":3}},"line":212},"21":{"name":"(anonymous_21)","decl":{"start":{"line":233,"column":2},"end":{"line":233,"column":3}},"loc":{"start":{"line":233,"column":45},"end":{"line":235,"column":3}},"line":233}},"branchMap":{"0":{"loc":{"start":{"line":33,"column":4},"end":{"line":33,"column":42}},"type":"default-arg","locations":[{"start":{"line":33,"column":40},"end":{"line":33,"column":42}}],"line":33},"1":{"loc":{"start":{"line":36,"column":4},"end":{"line":38,"column":5}},"type":"if","locations":[{"start":{"line":36,"column":4},"end":{"line":38,"column":5}},{"start":{},"end":{}}],"line":36},"2":{"loc":{"start":{"line":41,"column":4},"end":{"line":43,"column":5}},"type":"if","locations":[{"start":{"line":41,"column":4},"end":{"line":43,"column":5}},{"start":{},"end":{}}],"line":41},"3":{"loc":{"start":{"line":57,"column":61},"end":{"line":57,"column":113}},"type":"binary-expr","locations":[{"start":{"line":57,"column":61},"end":{"line":57,"column":71}},{"start":{"line":57,"column":75},"end":{"line":57,"column":85}},{"start":{"line":57,"column":89},"end":{"line":57,"column":99}},{"start":{"line":57,"column":103},"end":{"line":57,"column":113}}],"line":57},"4":{"loc":{"start":{"line":90,"column":4},"end":{"line":92,"column":5}},"type":"if","locations":[{"start":{"line":90,"column":4},"end":{"line":92,"column":5}},{"start":{},"end":{}}],"line":90},"5":{"loc":{"start":{"line":96,"column":4},"end":{"line":98,"column":5}},"type":"if","locations":[{"start":{"line":96,"column":4},"end":{"line":98,"column":5}},{"start":{},"end":{}}],"line":96},"6":{"loc":{"start":{"line":100,"column":4},"end":{"line":102,"column":5}},"type":"if","locations":[{"start":{"line":100,"column":4},"end":{"line":102,"column":5}},{"start":{},"end":{}}],"line":100},"7":{"loc":{"start":{"line":109,"column":4},"end":{"line":112,"column":5}},"type":"if","locations":[{"start":{"line":109,"column":4},"end":{"line":112,"column":5}},{"start":{},"end":{}}],"line":109},"8":{"loc":{"start":{"line":124,"column":4},"end":{"line":139,"column":5}},"type":"if","locations":[{"start":{"line":124,"column":4},"end":{"line":139,"column":5}},{"start":{},"end":{}}],"line":124},"9":{"loc":{"start":{"line":124,"column":8},"end":{"line":124,"column":31}},"type":"binary-expr","locations":[{"start":{"line":124,"column":8},"end":{"line":124,"column":18}},{"start":{"line":124,"column":22},"end":{"line":124,"column":31}}],"line":124},"10":{"loc":{"start":{"line":126,"column":39},"end":{"line":126,"column":58}},"type":"binary-expr","locations":[{"start":{"line":126,"column":39},"end":{"line":126,"column":48}},{"start":{"line":126,"column":52},"end":{"line":126,"column":58}}],"line":126},"11":{"loc":{"start":{"line":127,"column":8},"end":{"line":129,"column":9}},"type":"if","locations":[{"start":{"line":127,"column":8},"end":{"line":129,"column":9}},{"start":{},"end":{}}],"line":127},"12":{"loc":{"start":{"line":141,"column":4},"end":{"line":169,"column":5}},"type":"if","locations":[{"start":{"line":141,"column":4},"end":{"line":169,"column":5}},{"start":{},"end":{}}],"line":141},"13":{"loc":{"start":{"line":141,"column":8},"end":{"line":141,"column":63}},"type":"binary-expr","locations":[{"start":{"line":141,"column":8},"end":{"line":141,"column":27}},{"start":{"line":141,"column":31},"end":{"line":141,"column":40}},{"start":{"line":141,"column":44},"end":{"line":141,"column":63}}],"line":141},"14":{"loc":{"start":{"line":148,"column":42},"end":{"line":148,"column":71}},"type":"binary-expr","locations":[{"start":{"line":148,"column":42},"end":{"line":148,"column":66}},{"start":{"line":148,"column":70},"end":{"line":148,"column":71}}],"line":148},"15":{"loc":{"start":{"line":149,"column":43},"end":{"line":149,"column":72}},"type":"binary-expr","locations":[{"start":{"line":149,"column":43},"end":{"line":149,"column":67}},{"start":{"line":149,"column":71},"end":{"line":149,"column":72}}],"line":149},"16":{"loc":{"start":{"line":175,"column":4},"end":{"line":177,"column":5}},"type":"if","locations":[{"start":{"line":175,"column":4},"end":{"line":177,"column":5}},{"start":{},"end":{}}],"line":175},"17":{"loc":{"start":{"line":175,"column":8},"end":{"line":175,"column":52}},"type":"binary-expr","locations":[{"start":{"line":175,"column":8},"end":{"line":175,"column":27}},{"start":{"line":175,"column":31},"end":{"line":175,"column":52}}],"line":175},"18":{"loc":{"start":{"line":179,"column":4},"end":{"line":187,"column":5}},"type":"if","locations":[{"start":{"line":179,"column":4},"end":{"line":187,"column":5}},{"start":{},"end":{}}],"line":179},"19":{"loc":{"start":{"line":179,"column":8},"end":{"line":179,"column":50}},"type":"binary-expr","locations":[{"start":{"line":179,"column":8},"end":{"line":179,"column":26}},{"start":{"line":179,"column":30},"end":{"line":179,"column":50}}],"line":179},"20":{"loc":{"start":{"line":184,"column":6},"end":{"line":186,"column":7}},"type":"if","locations":[{"start":{"line":184,"column":6},"end":{"line":186,"column":7}},{"start":{},"end":{}}],"line":184}},"s":{"0":6,"1":6,"2":6,"3":6,"4":6,"5":6,"6":6,"7":6,"8":6,"9":6,"10":6,"11":6,"12":6,"13":6,"14":6,"15":6,"16":0,"17":6,"18":6,"19":0,"20":6,"21":6,"22":6,"23":0,"24":6,"25":34,"26":34,"27":6,"28":44,"29":127,"30":44,"31":6,"32":6,"33":6,"34":6,"35":6,"36":1,"37":6,"38":0,"39":0,"40":0,"41":0,"42":0,"43":0,"44":0,"45":0,"46":0,"47":0,"48":7,"49":7,"50":7,"51":7,"52":1,"53":1,"54":1,"55":0,"56":1,"57":1,"58":1,"59":1,"60":1,"61":1,"62":7,"63":7,"64":7,"65":7,"66":7,"67":7,"68":7,"69":7,"70":7,"71":7,"72":7,"73":7,"74":7,"75":7,"76":0,"77":0,"78":7,"79":7,"80":22,"81":22,"82":6,"83":22,"84":16,"85":240,"86":50,"87":16,"88":16,"89":22,"90":22,"91":1,"92":0,"93":6,"94":6},"f":{"0":6,"1":0,"2":34,"3":34,"4":44,"5":127,"6":44,"7":6,"8":6,"9":1,"10":6,"11":0,"12":0,"13":7,"14":22,"15":240,"16":50,"17":22,"18":1,"19":0,"20":6,"21":6},"b":{"0":[0],"1":[0,6],"2":[0,6],"3":[34,15,15,4],"4":[0,6],"5":[0,0],"6":[0,0],"7":[0,0],"8":[1,6],"9":[7,6],"10":[1,0],"11":[0,1],"12":[7,0],"13":[7,0,0],"14":[7,0],"15":[7,0],"16":[6,16],"17":[22,16],"18":[16,6],"19":[22,16],"20":[16,0]},"_coverageSchema":"1a1c01bbd47fc00a2c39e90264f33305004495a9","hash":"106c966d4e5cc4dcbb5468317bad62f90e545c48"}
,"/Users/cmseguin/dev/git/nagare/src/storage.ts": {"path":"/Users/cmseguin/dev/git/nagare/src/storage.ts","statementMap":{"0":{"start":{"line":6,"column":0},"end":{"line":6,"column":39}},"1":{"start":{"line":7,"column":0},"end":{"line":7,"column":40}},"2":{"start":{"line":10,"column":58},"end":{"line":16,"column":1}}},"fnMap":{},"branchMap":{},"s":{"0":1,"1":1,"2":1},"f":{},"b":{},"_coverageSchema":"1a1c01bbd47fc00a2c39e90264f33305004495a9","hash":"b49379a4dfc1d5ba62b5de6124c3cae5fbb0388f"}
}
