TN:
SF:src/model.ts
FNF:0
FNH:0
LF:0
LH:0
BRF:0
BRH:0
end_of_record
TN:
SF:src/query-client.ts
FN:10,(anonymous_0)
FN:20,(anonymous_1)
FN:40,(anonymous_2)
FN:49,(anonymous_3)
FNF:4
FNH:4
FNDA:1,(anonymous_0)
FNDA:9,(anonymous_1)
FNDA:6,(anonymous_2)
FNDA:6,(anonymous_3)
DA:11,1
DA:26,9
DA:27,9
DA:28,9
DA:31,9
DA:32,1
DA:36,8
DA:37,1
DA:40,7
DA:41,6
DA:42,1
DA:45,6
DA:47,6
DA:49,6
DA:50,6
DA:51,4
DA:53,6
DA:54,6
LF:18
LH:18
BRDA:26,0,0,5
BRDA:26,0,1,4
BRDA:26,1,0,0
BRDA:26,1,1,4
BRDA:27,2,0,7
BRDA:27,2,1,2
BRDA:28,3,0,8
BRDA:28,3,1,1
BRDA:31,4,0,1
BRDA:31,4,1,8
BRDA:36,5,0,1
BRDA:36,5,1,7
BRDA:41,6,0,1
BRDA:41,6,1,5
BRDA:50,7,0,4
BRDA:50,7,1,2
BRF:16
BRH:15
end_of_record
TN:
SF:src/query.ts
FN:30,(anonymous_0)
FN:48,(anonymous_1)
FN:57,(anonymous_2)
FN:58,(anonymous_3)
FN:69,(anonymous_4)
FN:69,(anonymous_5)
FN:70,(anonymous_6)
FN:74,(anonymous_7)
FN:81,(anonymous_8)
FN:85,(anonymous_9)
FN:89,(anonymous_10)
FN:95,(anonymous_11)
FN:107,(anonymous_12)
FN:115,(anonymous_13)
FN:172,(anonymous_14)
FN:181,(anonymous_15)
FN:182,(anonymous_16)
FN:192,(anonymous_17)
FN:207,(anonymous_18)
FN:208,(anonymous_19)
FN:212,(anonymous_20)
FN:233,(anonymous_21)
FNF:22
FNH:18
FNDA:6,(anonymous_0)
FNDA:0,(anonymous_1)
FNDA:34,(anonymous_2)
FNDA:34,(anonymous_3)
FNDA:44,(anonymous_4)
FNDA:127,(anonymous_5)
FNDA:44,(anonymous_6)
FNDA:6,(anonymous_7)
FNDA:6,(anonymous_8)
FNDA:1,(anonymous_9)
FNDA:6,(anonymous_10)
FNDA:0,(anonymous_11)
FNDA:0,(anonymous_12)
FNDA:7,(anonymous_13)
FNDA:22,(anonymous_14)
FNDA:240,(anonymous_15)
FNDA:50,(anonymous_16)
FNDA:22,(anonymous_17)
FNDA:1,(anonymous_18)
FNDA:0,(anonymous_19)
FNDA:6,(anonymous_20)
FNDA:6,(anonymous_21)
DA:9,6
DA:10,6
DA:11,6
DA:12,6
DA:13,6
DA:14,6
DA:15,6
DA:16,6
DA:17,6
DA:18,6
DA:19,6
DA:20,6
DA:21,6
DA:22,6
DA:35,6
DA:36,6
DA:37,0
DA:39,6
DA:41,6
DA:42,0
DA:44,6
DA:45,6
DA:47,6
DA:48,0
DA:51,6
DA:57,34
DA:58,34
DA:61,6
DA:69,127
DA:70,44
DA:74,6
DA:75,6
DA:76,6
DA:77,6
DA:82,6
DA:86,1
DA:90,6
DA:91,0
DA:96,0
DA:97,0
DA:100,0
DA:101,0
DA:104,0
DA:108,0
DA:109,0
DA:110,0
DA:111,0
DA:117,7
DA:119,7
DA:122,7
DA:124,7
DA:125,1
DA:126,1
DA:127,1
DA:128,0
DA:130,1
DA:131,1
DA:132,1
DA:133,1
DA:134,1
DA:137,1
DA:141,7
DA:142,7
DA:143,7
DA:144,7
DA:145,7
DA:146,7
DA:147,7
DA:148,7
DA:149,7
DA:150,7
DA:151,7
DA:152,7
DA:153,7
DA:155,7
DA:163,0
DA:164,0
DA:166,7
DA:167,7
DA:173,22
DA:175,22
DA:176,6
DA:179,22
DA:180,16
DA:181,240
DA:182,50
DA:184,16
DA:185,16
DA:189,22
DA:193,22
DA:207,1
DA:208,0
DA:213,6
DA:234,6
LF:94
LH:77
BRDA:33,0,0,0
BRDA:36,1,0,0
BRDA:36,1,1,6
BRDA:41,2,0,0
BRDA:41,2,1,6
BRDA:57,3,0,34
BRDA:57,3,1,15
BRDA:57,3,2,15
BRDA:57,3,3,4
BRDA:90,4,0,0
BRDA:90,4,1,6
BRDA:96,5,0,0
BRDA:96,5,1,0
BRDA:100,6,0,0
BRDA:100,6,1,0
BRDA:109,7,0,0
BRDA:109,7,1,0
BRDA:124,8,0,1
BRDA:124,8,1,6
BRDA:124,9,0,7
BRDA:124,9,1,6
BRDA:126,10,0,1
BRDA:126,10,1,0
BRDA:127,11,0,0
BRDA:127,11,1,1
BRDA:141,12,0,7
BRDA:141,12,1,0
BRDA:141,13,0,7
BRDA:141,13,1,0
BRDA:141,13,2,0
BRDA:148,14,0,7
BRDA:148,14,1,0
BRDA:149,15,0,7
BRDA:149,15,1,0
BRDA:175,16,0,6
BRDA:175,16,1,16
BRDA:175,17,0,22
BRDA:175,17,1,16
BRDA:179,18,0,16
BRDA:179,18,1,6
BRDA:179,19,0,22
BRDA:179,19,1,16
BRDA:184,20,0,16
BRDA:184,20,1,0
BRF:44
BRH:26
end_of_record
TN:
SF:src/storage.ts
FNF:0
FNH:0
DA:6,1
DA:7,1
DA:10,1
LF:3
LH:3
BRF:0
BRH:0
end_of_record
